./configure --prefix=/mnt/c/Users/ondre/Documents/_devel/python/ner-sedlar/tools/./../lib/trie
checking for a BSD-compatible install... /usr/bin/install -c
checking whether build environment is sane... yes
checking for a thread-safe mkdir -p... /bin/mkdir -p
checking for gawk... gawk
checking whether make sets $(MAKE)... yes
checking whether make supports nested variables... yes
checking whether make supports nested variables... (cached) yes
checking for style of include used by make... GNU
checking for gcc... gcc
checking whether the C compiler works... yes
checking for C compiler default output file name... a.out
checking for suffix of executables... 
checking whether we are cross compiling... no
checking for suffix of object files... o
checking whether we are using the GNU C compiler... yes
checking whether gcc accepts -g... yes
checking for gcc option to accept ISO C89... none needed
checking whether gcc understands -c and -o together... yes
checking dependency style of gcc... gcc3
checking for gcc option to accept ISO C99... none needed
checking for ar... ar
checking the archiver (ar) interface... ar
checking build system type... x86_64-unknown-linux-gnu
checking host system type... x86_64-unknown-linux-gnu
checking how to print strings... printf
checking for a sed that does not truncate output... /bin/sed
checking for grep that handles long lines and -e... /bin/grep
checking for egrep... /bin/grep -E
checking for fgrep... /bin/grep -F
checking for ld used by gcc... /usr/bin/ld
checking if the linker (/usr/bin/ld) is GNU ld... yes
checking for BSD- or MS-compatible name lister (nm)... /usr/bin/nm -B
checking the name lister (/usr/bin/nm -B) interface... BSD nm
checking whether ln -s works... yes
checking the maximum length of command line arguments... 1572864
checking whether the shell understands some XSI constructs... yes
checking whether the shell understands "+="... yes
checking how to convert x86_64-unknown-linux-gnu file names to x86_64-unknown-linux-gnu format... func_convert_file_noop
checking how to convert x86_64-unknown-linux-gnu file names to toolchain format... func_convert_file_noop
checking for /usr/bin/ld option to reload object files... -r
checking for objdump... objdump
checkiar: `u' modifier ignored since `D' is the default (see `U')
 for dlltool... no
checking how to associate runtime and link libraries... printf %s\n
checking for archiver @FILE support... @
checking for strip... strip
checking for ranlib... ranlib
checking command to parse /usr/bin/nm -B output from gcc object... ok
checking for sysroot... no
checking for mt... mt
checking if mt is a manifest tool... no
checking how to run the C preprocessor... gcc -E
checking for ANSI C header files... yes
checking for sys/types.h... yes
checking for sys/stat.h... yes
checking for stdlib.h... yes
checking for string.h... yes
checking for memory.h... yes
checking for strings.h... yes
checking for inttypes.h... yes
checking for stdint.h... yes
checking for unistd.h... yes
checking for dlfcn.h... yes
checking for objdir... .libs
checking if gcc supports -fno-rtti -fno-exceptions... no
checking for gcc option to produce PIC... -fPIC -DPIC
checking if gcc PIC flag -fPIC -DPIC works... yes
checking if gcc static flag -static works... yes
checking if gcc supports -c -o file.o... yes
checking if gcc supports -c -o file.o... (cached) yes
checking whether the gcc linker (/usr/bin/ld -m elf_x86_64) supports shared libraries... yes
checking whether -lc should be explicitly linked in... no
checking dynamic linker characteristics... GNU/Linux ld.so
checking how to hardcode library paths into programs... immediate
checking whether stripping libraries is possible... yes
checking if libtool supports shared libraries... yes
checking whether to build shared libraries... yes
checking whether to build static libraries... yes
checking fcntl.h usability... yes
checking fcntl.h presence... yes
checking for fcntl.h... yes
checking limits.h usability... yes
checking limits.h presence... yes
checking for limits.h... yes
checking for stdint.h... (cached) yes
checking for stdlib.h... (cached) yes
checking for string.h... (cached) yes
checking for unistd.h... (cached) yes
checking for size_t... yes
checking for uint32_t... yes
checking for stdlib.h... (cached) yes
checking for GNU libc compatible malloc... yes
checking for stdlib.h... (cached) yes
checking for unistd.h... (cached) yes
checking for sys/param.h... yes
checking for getpagesize... yes
checking for working mmap... yes
checking for stdlib.h... (cached) yes
checking for GNU libc compatible realloc... yes
checking for memset... yes
checking for munmap... yes
checking for strchr... yes
checking for a Python interpreter with version >= 2.7... python2.7
checking for python2.7... /usr/local/bin/python2.7
checking for python2.7 version... 2.7
checking for python2.7 platform... linux2
checking for python2.7 script directory... ${prefix}/lib/python2.7/site-packages
checking for python2.7 extension module directory... ${exec_prefix}/lib/python2.7/site-packages
checking that generated files are newer than configure... done
configure: creating ./config.status
config.status: creating Makefile
config.status: creating python/libtrie/config.py
config.status: creating config.h
config.status: executing depfiles commands
config.status: executing libtool commands

libtrie 0.2

 Prefix..........................: /mnt/c/Users/ondre/Documents/_devel/python/ner-sedlar/tools/./../lib/trie
 CFLAGS..........................: -g -O2
 Building tools..................: yes
 Installing shared library.......: yes
make
make  all-am
make[1]: Entering directory '/tmp/libtrie-0.2'
  CC       src/trie.lo
  CCLD     libtrie.la
  CC       src/compile.o
  CCLD     list-compile
  CC       src/query.o
  CCLD     list-query
make[1]: Leaving directory '/tmp/libtrie-0.2'
make install
make[1]: Entering directory '/tmp/libtrie-0.2'
 /bin/mkdir -p '/mnt/c/Users/ondre/Documents/_devel/python/ner-sedlar/tools/./../lib/trie/lib'
 /bin/bash ./libtool   --mode=install /usr/bin/install -c   libtrie.la '/mnt/c/Users/ondre/Documents/_devel/python/ner-sedlar/tools/./../lib/trie/lib'
libtool: install: /usr/bin/install -c .libs/libtrie.so.0.0.0 /mnt/c/Users/ondre/Documents/_devel/python/ner-sedlar/tools/./../lib/trie/lib/libtrie.so.0.0.0
libtool: install: (cd /mnt/c/Users/ondre/Documents/_devel/python/ner-sedlar/tools/./../lib/trie/lib && { ln -s -f libtrie.so.0.0.0 libtrie.so.0 || { rm -f libtrie.so.0 && ln -s libtrie.so.0.0.0 libtrie.so.0; }; })
libtool: install: (cd /mnt/c/Users/ondre/Documents/_devel/python/ner-sedlar/tools/./../lib/trie/lib && { ln -s -f libtrie.so.0.0.0 libtrie.so || { rm -f libtrie.so && ln -s libtrie.so.0.0.0 libtrie.so; }; })
libtool: install: /usr/bin/install -c .libs/libtrie.lai /mnt/c/Users/ondre/Documents/_devel/python/ner-sedlar/tools/./../lib/trie/lib/libtrie.la
libtool: install: /usr/bin/install -c .libs/libtrie.a /mnt/c/Users/ondre/Documents/_devel/python/ner-sedlar/tools/./../lib/trie/lib/libtrie.a
libtool: install: chmod 644 /mnt/c/Users/ondre/Documents/_devel/python/ner-sedlar/tools/./../lib/trie/lib/libtrie.a
libtool: install: ranlib /mnt/c/Users/ondre/Documents/_devel/python/ner-sedlar/tools/./../lib/trie/lib/libtrie.a
libtool: finish: PATH="~/autotools_bin:/usr/local/sbin:/usr/local/bin:/usr/sbin:/usr/bin:/sbin:/bin:/usr/games:/usr/local/games:/mnt/c/Program Files/WindowsApps/CanonicalGroupLimited.UbuntuonWindows_1804.2019.521.0_x64__79rhkp1fndgsc:/mnt/c/Program Files/Docker/Docker/resources/bin:/mnt/c/Windows/System32:/mnt/c/Windows:/mnt/c/Windows/System32/wbem:/mnt/c/Windows/System32/WindowsPowerShell/v1.0:/mnt/c/Windows/System32/OpenSSH:/mnt/c/Program Files/Git/cmd:/mnt/c/Program Files/Python27:/mnt/c/Program Files/Python27/Tools/Scripts:/mnt/c/Gradle/gradle-5.4.1/bin:/mnt/c/Program Files (x86)/WinSCP:/mnt/c/Program Files (x86)/GnuWin32/bin:/mnt/c/Program Files/Intel/WiFi/bin:/mnt/c/Program Files/Common Files/Intel/WirelessCommon:/mnt/c/Users/ondre/AppData/Local/Microsoft/WindowsApps:/mnt/c/Program Files/java/jdk-8u201-windows-x64/bin:/mnt/c/Users/ondre/AppData/Local/Programs/Fiddler:/mnt/c/OpenSSL-Win64/bin:/snap/bin:/sbin" ldconfig -n /mnt/c/Users/ondre/Documents/_devel/python/ner-sedlar/tools/./../lib/trie/lib
----------------------------------------------------------------------
Libraries have been installed in:
   /mnt/c/Users/ondre/Documents/_devel/python/ner-sedlar/tools/./../lib/trie/lib

If you ever happen to want to link against installed libraries
in a given directory, LIBDIR, you must either use libtool, and
specify the full pathname of the library, or use the `-LLIBDIR'
flag during linking and do at least one of the following:
   - add LIBDIR to the `LD_LIBRARY_PATH' environment variable
     during execution
   - add LIBDIR to the `LD_RUN_PATH' environment variable
     during linking
   - use the `-Wl,-rpath -Wl,LIBDIR' linker flag
   - have your system administrator add LIBDIR to `/etc/ld.so.conf'

See any operating system documentation about shared libraries for
more information, such as the ld(1) and ld.so(8) manual pages.
----------------------------------------------------------------------
 /bin/mkdir -p '/mnt/c/Users/ondre/Documents/_devel/python/ner-sedlar/tools/./../lib/trie/bin'
  /bin/bash ./libtool   --mode=install /usr/bin/install -c list-compile list-query '/mnt/c/Users/ondre/Documents/_devel/python/ner-sedlar/tools/./../lib/trie/bin'
libtool: install: /usr/bin/install -c .libs/list-compile /mnt/c/Users/ondre/Documents/_devel/python/ner-sedlar/tools/./../lib/trie/bin/list-compile
libtool: install: /usr/bin/install -c .libs/list-query /mnt/c/Users/ondre/Documents/_devel/python/ner-sedlar/tools/./../lib/trie/bin/list-query
 /bin/mkdir -p '/mnt/c/Users/ondre/Documents/_devel/python/ner-sedlar/tools/./../lib/trie/include'
 /usr/bin/install -c -m 644 src/trie.h '/mnt/c/Users/ondre/Documents/_devel/python/ner-sedlar/tools/./../lib/trie/include'
 /bin/mkdir -p '/mnt/c/Users/ondre/Documents/_devel/python/ner-sedlar/tools/./../lib/trie/lib/python2.7/site-packages/libtrie'
 /usr/bin/install -c -m 644 python/libtrie/__init__.py python/libtrie/config.py '/mnt/c/Users/ondre/Documents/_devel/python/ner-sedlar/tools/./../lib/trie/lib/python2.7/site-packages/libtrie'
Byte-compiling python modules...
__init__.pyconfig.py
Byte-compiling python modules (optimized versions) ...
__init__.pyconfig.py
make[1]: Leaving directory '/tmp/libtrie-0.2'

	SUCCESS

